2020-10-15 12:38:02.631  INFO 7084 --- [restartedMain] c.p.libraryapi.LibraryApiApplication     : Starting LibraryApiApplication on Master with PID 7084 (C:\codes\dev\library-api\target\classes started by dhieg in C:\codes\dev\library-api)
2020-10-15 12:38:02.634  INFO 7084 --- [restartedMain] c.p.libraryapi.LibraryApiApplication     : No active profile set, falling back to default profiles: default
2020-10-15 12:38:02.697  INFO 7084 --- [restartedMain] .e.DevToolsPropertyDefaultsPostProcessor : Devtools property defaults active! Set 'spring.devtools.add-properties' to 'false' to disable
2020-10-15 12:38:02.698  INFO 7084 --- [restartedMain] .e.DevToolsPropertyDefaultsPostProcessor : For additional web related logging consider setting the 'logging.level.web' property to 'DEBUG'
2020-10-15 12:38:03.576  INFO 7084 --- [restartedMain] .s.d.r.c.RepositoryConfigurationDelegate : Bootstrapping Spring Data JPA repositories in DEFERRED mode.
2020-10-15 12:38:03.639  INFO 7084 --- [restartedMain] .s.d.r.c.RepositoryConfigurationDelegate : Finished Spring Data repository scanning in 54ms. Found 2 JPA repository interfaces.
2020-10-15 12:38:04.346  INFO 7084 --- [restartedMain] o.s.b.w.embedded.tomcat.TomcatWebServer  : Tomcat initialized with port(s): 8080 (http)
2020-10-15 12:38:04.356  INFO 7084 --- [restartedMain] o.apache.catalina.core.StandardService   : Starting service [Tomcat]
2020-10-15 12:38:04.359  INFO 7084 --- [restartedMain] org.apache.catalina.core.StandardEngine  : Starting Servlet engine: [Apache Tomcat/9.0.37]
2020-10-15 12:38:04.453  INFO 7084 --- [restartedMain] o.a.c.c.C.[Tomcat].[localhost].[/]       : Initializing Spring embedded WebApplicationContext
2020-10-15 12:38:04.454  INFO 7084 --- [restartedMain] w.s.c.ServletWebServerApplicationContext : Root WebApplicationContext: initialization completed in 1756 ms
2020-10-15 12:38:04.606  INFO 7084 --- [restartedMain] com.zaxxer.hikari.HikariDataSource       : HikariPool-1 - Starting...
2020-10-15 12:38:04.789  INFO 7084 --- [restartedMain] com.zaxxer.hikari.HikariDataSource       : HikariPool-1 - Start completed.
2020-10-15 12:38:04.797  INFO 7084 --- [restartedMain] o.s.b.a.h2.H2ConsoleAutoConfiguration    : H2 console available at '/h2-console'. Database available at 'jdbc:h2:mem:4599f108-7837-4abb-bf67-3adac40261c4'
2020-10-15 12:38:05.000  INFO 7084 --- [restartedMain] o.s.s.concurrent.ThreadPoolTaskExecutor  : Initializing ExecutorService 'applicationTaskExecutor'
2020-10-15 12:38:05.012  INFO 7084 --- [restartedMain] o.s.s.c.ThreadPoolTaskScheduler          : Initializing ExecutorService 'taskScheduler'
2020-10-15 12:38:05.082  INFO 7084 --- [task-1] o.hibernate.jpa.internal.util.LogHelper  : HHH000204: Processing PersistenceUnitInfo [name: default]
2020-10-15 12:38:05.138  INFO 7084 --- [task-1] org.hibernate.Version                    : HHH000412: Hibernate ORM core version 5.4.20.Final
2020-10-15 12:38:05.270  INFO 7084 --- [task-1] o.hibernate.annotations.common.Version   : HCANN000001: Hibernate Commons Annotations {5.1.0.Final}
2020-10-15 12:38:05.442  INFO 7084 --- [task-1] org.hibernate.dialect.Dialect            : HHH000400: Using dialect: org.hibernate.dialect.H2Dialect
2020-10-15 12:38:05.466  WARN 7084 --- [restartedMain] JpaBaseConfiguration$JpaWebConfiguration : spring.jpa.open-in-view is enabled by default. Therefore, database queries may be performed during view rendering. Explicitly configure spring.jpa.open-in-view to disable this warning
2020-10-15 12:38:05.768  INFO 7084 --- [restartedMain] o.s.b.a.e.web.EndpointLinksResolver      : Exposing 14 endpoint(s) beneath base path '/actuator'
2020-10-15 12:38:05.986  INFO 7084 --- [restartedMain] o.s.b.d.a.OptionalLiveReloadServer       : LiveReload server is running on port 35729
2020-10-15 12:38:06.199  INFO 7084 --- [task-1] o.h.e.t.j.p.i.JtaPlatformInitiator       : HHH000490: Using JtaPlatform implementation: [org.hibernate.engine.transaction.jta.platform.internal.NoJtaPlatform]
2020-10-15 12:38:06.206  INFO 7084 --- [task-1] j.LocalContainerEntityManagerFactoryBean : Initialized JPA EntityManagerFactory for persistence unit 'default'
2020-10-15 12:38:06.309  INFO 7084 --- [restartedMain] o.s.b.w.embedded.tomcat.TomcatWebServer  : Tomcat started on port(s): 8080 (http) with context path ''
2020-10-15 12:38:06.576  INFO 7084 --- [restartedMain] DeferredRepositoryInitializationListener : Triggering deferred initialization of Spring Data repositories…
2020-10-15 12:38:06.929  INFO 7084 --- [restartedMain] DeferredRepositoryInitializationListener : Spring Data repositories initialized!
2020-10-15 12:38:06.944  INFO 7084 --- [restartedMain] c.p.libraryapi.LibraryApiApplication     : Started LibraryApiApplication in 4.625 seconds (JVM running for 5.046)
2020-10-15 12:38:09.951  INFO 7084 --- [http-nio-8080-exec-1] o.a.c.c.C.[Tomcat].[localhost].[/]       : Initializing Spring DispatcherServlet 'dispatcherServlet'
2020-10-15 12:38:09.951  INFO 7084 --- [http-nio-8080-exec-1] o.s.web.servlet.DispatcherServlet        : Initializing Servlet 'dispatcherServlet'
2020-10-15 12:38:09.957  INFO 7084 --- [http-nio-8080-exec-1] o.s.web.servlet.DispatcherServlet        : Completed initialization in 6 ms
2020-10-15 12:41:57.004  INFO 19412 --- [restartedMain] c.p.libraryapi.LibraryApiApplication     : Starting LibraryApiApplication on Master with PID 19412 (C:\codes\dev\library-api\target\classes started by dhieg in C:\codes\dev\library-api)
2020-10-15 12:41:57.006  INFO 19412 --- [restartedMain] c.p.libraryapi.LibraryApiApplication     : No active profile set, falling back to default profiles: default
2020-10-15 12:41:57.044  INFO 19412 --- [restartedMain] .e.DevToolsPropertyDefaultsPostProcessor : Devtools property defaults active! Set 'spring.devtools.add-properties' to 'false' to disable
2020-10-15 12:41:57.045  INFO 19412 --- [restartedMain] .e.DevToolsPropertyDefaultsPostProcessor : For additional web related logging consider setting the 'logging.level.web' property to 'DEBUG'
2020-10-15 12:41:57.895  INFO 19412 --- [restartedMain] .s.d.r.c.RepositoryConfigurationDelegate : Bootstrapping Spring Data JPA repositories in DEFERRED mode.
2020-10-15 12:41:57.951  INFO 19412 --- [restartedMain] .s.d.r.c.RepositoryConfigurationDelegate : Finished Spring Data repository scanning in 49ms. Found 2 JPA repository interfaces.
2020-10-15 12:41:58.624  INFO 19412 --- [restartedMain] o.s.b.w.embedded.tomcat.TomcatWebServer  : Tomcat initialized with port(s): 8080 (http)
2020-10-15 12:41:58.634  INFO 19412 --- [restartedMain] o.apache.catalina.core.StandardService   : Starting service [Tomcat]
2020-10-15 12:41:58.642  INFO 19412 --- [restartedMain] org.apache.catalina.core.StandardEngine  : Starting Servlet engine: [Apache Tomcat/9.0.37]
2020-10-15 12:41:58.726  INFO 19412 --- [restartedMain] o.a.c.c.C.[Tomcat].[localhost].[/]       : Initializing Spring embedded WebApplicationContext
2020-10-15 12:41:58.727  INFO 19412 --- [restartedMain] w.s.c.ServletWebServerApplicationContext : Root WebApplicationContext: initialization completed in 1680 ms
2020-10-15 12:41:58.842  INFO 19412 --- [restartedMain] com.zaxxer.hikari.HikariDataSource       : HikariPool-1 - Starting...
2020-10-15 12:41:58.998  INFO 19412 --- [restartedMain] com.zaxxer.hikari.HikariDataSource       : HikariPool-1 - Start completed.
2020-10-15 12:41:59.005  INFO 19412 --- [restartedMain] o.s.b.a.h2.H2ConsoleAutoConfiguration    : H2 console available at '/h2-console'. Database available at 'jdbc:h2:mem:3567fe43-e6f1-42df-b77c-d9b9836f1a1a'
2020-10-15 12:41:59.199  INFO 19412 --- [restartedMain] o.s.s.concurrent.ThreadPoolTaskExecutor  : Initializing ExecutorService 'applicationTaskExecutor'
2020-10-15 12:41:59.214  INFO 19412 --- [restartedMain] o.s.s.c.ThreadPoolTaskScheduler          : Initializing ExecutorService 'taskScheduler'
2020-10-15 12:41:59.280  INFO 19412 --- [task-1] o.hibernate.jpa.internal.util.LogHelper  : HHH000204: Processing PersistenceUnitInfo [name: default]
2020-10-15 12:41:59.333  INFO 19412 --- [task-1] org.hibernate.Version                    : HHH000412: Hibernate ORM core version 5.4.20.Final
2020-10-15 12:41:59.470  INFO 19412 --- [task-1] o.hibernate.annotations.common.Version   : HCANN000001: Hibernate Commons Annotations {5.1.0.Final}
2020-10-15 12:41:59.597  WARN 19412 --- [restartedMain] JpaBaseConfiguration$JpaWebConfiguration : spring.jpa.open-in-view is enabled by default. Therefore, database queries may be performed during view rendering. Explicitly configure spring.jpa.open-in-view to disable this warning
2020-10-15 12:41:59.600  INFO 19412 --- [task-1] org.hibernate.dialect.Dialect            : HHH000400: Using dialect: org.hibernate.dialect.H2Dialect
2020-10-15 12:41:59.859  INFO 19412 --- [restartedMain] o.s.b.a.e.web.EndpointLinksResolver      : Exposing 14 endpoint(s) beneath base path '/actuator'
2020-10-15 12:42:00.045  INFO 19412 --- [restartedMain] o.s.b.d.a.OptionalLiveReloadServer       : LiveReload server is running on port 35729
2020-10-15 12:42:00.316  INFO 19412 --- [task-1] o.h.e.t.j.p.i.JtaPlatformInitiator       : HHH000490: Using JtaPlatform implementation: [org.hibernate.engine.transaction.jta.platform.internal.NoJtaPlatform]
2020-10-15 12:42:00.322  INFO 19412 --- [task-1] j.LocalContainerEntityManagerFactoryBean : Initialized JPA EntityManagerFactory for persistence unit 'default'
2020-10-15 12:42:00.429  INFO 19412 --- [restartedMain] o.s.b.w.embedded.tomcat.TomcatWebServer  : Tomcat started on port(s): 8080 (http) with context path ''
2020-10-15 12:42:00.676  INFO 19412 --- [restartedMain] DeferredRepositoryInitializationListener : Triggering deferred initialization of Spring Data repositories…
2020-10-15 12:42:00.999  INFO 19412 --- [restartedMain] DeferredRepositoryInitializationListener : Spring Data repositories initialized!
2020-10-15 12:42:01.015  INFO 19412 --- [restartedMain] c.p.libraryapi.LibraryApiApplication     : Started LibraryApiApplication in 4.322 seconds (JVM running for 4.747)
2020-10-15 12:42:11.284  INFO 19412 --- [http-nio-8080-exec-1] o.a.c.c.C.[Tomcat].[localhost].[/]       : Initializing Spring DispatcherServlet 'dispatcherServlet'
2020-10-15 12:42:11.285  INFO 19412 --- [http-nio-8080-exec-1] o.s.web.servlet.DispatcherServlet        : Initializing Servlet 'dispatcherServlet'
2020-10-15 12:42:11.290  INFO 19412 --- [http-nio-8080-exec-1] o.s.web.servlet.DispatcherServlet        : Completed initialization in 5 ms
2020-10-15 12:42:27.711  INFO 19412 --- [http-nio-8080-exec-3] c.p.l.api.resources.BookController       : creating a book for isbn: string
2020-10-15 13:29:39.307  INFO 11204 --- [restartedMain] c.p.libraryapi.LibraryApiApplication     : Starting LibraryApiApplication on Master with PID 11204 (C:\codes\dev\library-api\library-api\target\classes started by dhieg in C:\codes\dev\library-api\library-api)
2020-10-15 13:29:39.309  INFO 11204 --- [restartedMain] c.p.libraryapi.LibraryApiApplication     : No active profile set, falling back to default profiles: default
2020-10-15 13:29:39.353  INFO 11204 --- [restartedMain] .e.DevToolsPropertyDefaultsPostProcessor : Devtools property defaults active! Set 'spring.devtools.add-properties' to 'false' to disable
2020-10-15 13:29:39.353  INFO 11204 --- [restartedMain] .e.DevToolsPropertyDefaultsPostProcessor : For additional web related logging consider setting the 'logging.level.web' property to 'DEBUG'
2020-10-15 13:29:40.242  INFO 11204 --- [restartedMain] .s.d.r.c.RepositoryConfigurationDelegate : Bootstrapping Spring Data JPA repositories in DEFERRED mode.
2020-10-15 13:29:40.305  INFO 11204 --- [restartedMain] .s.d.r.c.RepositoryConfigurationDelegate : Finished Spring Data repository scanning in 54ms. Found 2 JPA repository interfaces.
2020-10-15 13:29:40.987  INFO 11204 --- [restartedMain] o.s.b.w.embedded.tomcat.TomcatWebServer  : Tomcat initialized with port(s): 8080 (http)
2020-10-15 13:29:40.997  INFO 11204 --- [restartedMain] o.apache.catalina.core.StandardService   : Starting service [Tomcat]
2020-10-15 13:29:41.000  INFO 11204 --- [restartedMain] org.apache.catalina.core.StandardEngine  : Starting Servlet engine: [Apache Tomcat/9.0.37]
2020-10-15 13:29:41.102  INFO 11204 --- [restartedMain] o.a.c.c.C.[Tomcat].[localhost].[/]       : Initializing Spring embedded WebApplicationContext
2020-10-15 13:29:41.103  INFO 11204 --- [restartedMain] w.s.c.ServletWebServerApplicationContext : Root WebApplicationContext: initialization completed in 1749 ms
2020-10-15 13:29:41.228  INFO 11204 --- [restartedMain] com.zaxxer.hikari.HikariDataSource       : HikariPool-1 - Starting...
2020-10-15 13:29:41.385  INFO 11204 --- [restartedMain] com.zaxxer.hikari.HikariDataSource       : HikariPool-1 - Start completed.
2020-10-15 13:29:41.393  INFO 11204 --- [restartedMain] o.s.b.a.h2.H2ConsoleAutoConfiguration    : H2 console available at '/h2-console'. Database available at 'jdbc:h2:mem:02074a5f-be24-4b64-aaf3-ee2913d71249'
2020-10-15 13:29:41.585  INFO 11204 --- [restartedMain] o.s.s.concurrent.ThreadPoolTaskExecutor  : Initializing ExecutorService 'applicationTaskExecutor'
2020-10-15 13:29:41.609  INFO 11204 --- [restartedMain] o.s.s.c.ThreadPoolTaskScheduler          : Initializing ExecutorService 'taskScheduler'
2020-10-15 13:29:41.673  INFO 11204 --- [task-1] o.hibernate.jpa.internal.util.LogHelper  : HHH000204: Processing PersistenceUnitInfo [name: default]
2020-10-15 13:29:41.733  INFO 11204 --- [task-1] org.hibernate.Version                    : HHH000412: Hibernate ORM core version 5.4.20.Final
2020-10-15 13:29:41.913  INFO 11204 --- [task-1] o.hibernate.annotations.common.Version   : HCANN000001: Hibernate Commons Annotations {5.1.0.Final}
2020-10-15 13:29:42.046  INFO 11204 --- [task-1] org.hibernate.dialect.Dialect            : HHH000400: Using dialect: org.hibernate.dialect.H2Dialect
2020-10-15 13:29:42.065  WARN 11204 --- [restartedMain] JpaBaseConfiguration$JpaWebConfiguration : spring.jpa.open-in-view is enabled by default. Therefore, database queries may be performed during view rendering. Explicitly configure spring.jpa.open-in-view to disable this warning
2020-10-15 13:29:42.337  INFO 11204 --- [restartedMain] o.s.b.a.e.web.EndpointLinksResolver      : Exposing 14 endpoint(s) beneath base path '/actuator'
2020-10-15 13:29:42.543  INFO 11204 --- [restartedMain] o.s.b.d.a.OptionalLiveReloadServer       : LiveReload server is running on port 35729
2020-10-15 13:29:42.695  INFO 11204 --- [restartedMain] o.s.s.c.ThreadPoolTaskScheduler          : Initializing ExecutorService
2020-10-15 13:29:42.820  INFO 11204 --- [task-1] o.h.e.t.j.p.i.JtaPlatformInitiator       : HHH000490: Using JtaPlatform implementation: [org.hibernate.engine.transaction.jta.platform.internal.NoJtaPlatform]
2020-10-15 13:29:42.829  INFO 11204 --- [task-1] j.LocalContainerEntityManagerFactoryBean : Initialized JPA EntityManagerFactory for persistence unit 'default'
2020-10-15 13:29:42.943  INFO 11204 --- [restartedMain] o.s.b.w.embedded.tomcat.TomcatWebServer  : Tomcat started on port(s): 8080 (http) with context path ''
2020-10-15 13:29:43.208  INFO 11204 --- [restartedMain] DeferredRepositoryInitializationListener : Triggering deferred initialization of Spring Data repositories…
2020-10-15 13:29:43.539  INFO 11204 --- [restartedMain] DeferredRepositoryInitializationListener : Spring Data repositories initialized!
2020-10-15 13:29:43.552  INFO 11204 --- [restartedMain] c.p.libraryapi.LibraryApiApplication     : Started LibraryApiApplication in 4.553 seconds (JVM running for 4.977)
2020-10-15 13:29:43.772  WARN 11204 --- [registrationTask1] d.c.b.a.c.r.ApplicationRegistrator       : Failed to register application as Application(name=spring-boot-application, managementUrl=http://host.docker.internal:8080/actuator, healthUrl=http://host.docker.internal:8080/actuator/health, serviceUrl=http://host.docker.internal:8080/) at spring-boot-admin ([http://localhost:8081//instances]): 404 : [{"timestamp":"2020-10-15T17:29:43.730+00:00","status":404,"error":"Not Found","message":"","path":"/instances"}]. Further attempts are logged on DEBUG level
2020-10-15 13:30:39.563  INFO 11204 --- [Thread-4] o.s.s.c.ThreadPoolTaskScheduler          : Shutting down ExecutorService
2020-10-15 13:30:39.566  INFO 11204 --- [Thread-4] j.LocalContainerEntityManagerFactoryBean : Closing JPA EntityManagerFactory for persistence unit 'default'
2020-10-15 13:30:39.567  INFO 11204 --- [Thread-4] .SchemaDropperImpl$DelayedDropActionImpl : HHH000477: Starting delayed evictData of schema as part of SessionFactory shut-down'
2020-10-15 13:30:39.585  INFO 11204 --- [Thread-4] o.s.s.c.ThreadPoolTaskScheduler          : Shutting down ExecutorService 'taskScheduler'
2020-10-15 13:30:39.594  INFO 11204 --- [Thread-4] o.s.s.concurrent.ThreadPoolTaskExecutor  : Shutting down ExecutorService 'applicationTaskExecutor'
2020-10-15 13:30:39.808  WARN 11204 --- [Thread-4] o.s.b.f.support.DisposableBeanAdapter    : Invocation of destroy method failed on bean with name 'inMemoryDatabaseShutdownExecutor': org.h2.jdbc.JdbcSQLNonTransientConnectionException: Database is already closed (to disable automatic closing at VM shutdown, add ";DB_CLOSE_ON_EXIT=FALSE" to the db URL) [90121-200]
2020-10-15 13:30:39.809  INFO 11204 --- [Thread-4] com.zaxxer.hikari.HikariDataSource       : HikariPool-1 - Shutdown initiated...
2020-10-15 13:30:39.811  INFO 11204 --- [Thread-4] com.zaxxer.hikari.HikariDataSource       : HikariPool-1 - Shutdown completed.
2020-10-15 13:30:39.891  INFO 11204 --- [restartedMain] c.p.libraryapi.LibraryApiApplication     : Starting LibraryApiApplication on Master with PID 11204 (C:\codes\dev\library-api\library-api\target\classes started by dhieg in C:\codes\dev\library-api\library-api)
2020-10-15 13:30:39.891  INFO 11204 --- [restartedMain] c.p.libraryapi.LibraryApiApplication     : No active profile set, falling back to default profiles: default
2020-10-15 13:30:40.240  INFO 11204 --- [restartedMain] .s.d.r.c.RepositoryConfigurationDelegate : Bootstrapping Spring Data JPA repositories in DEFERRED mode.
2020-10-15 13:30:40.259  INFO 11204 --- [restartedMain] .s.d.r.c.RepositoryConfigurationDelegate : Finished Spring Data repository scanning in 18ms. Found 2 JPA repository interfaces.
2020-10-15 13:30:40.352  INFO 11204 --- [restartedMain] o.s.b.w.embedded.tomcat.TomcatWebServer  : Tomcat initialized with port(s): 8080 (http)
2020-10-15 13:30:40.353  INFO 11204 --- [restartedMain] o.apache.catalina.core.StandardService   : Starting service [Tomcat]
2020-10-15 13:30:40.354  INFO 11204 --- [restartedMain] org.apache.catalina.core.StandardEngine  : Starting Servlet engine: [Apache Tomcat/9.0.37]
2020-10-15 13:30:40.372  INFO 11204 --- [restartedMain] o.a.c.c.C.[Tomcat].[localhost].[/]       : Initializing Spring embedded WebApplicationContext
2020-10-15 13:30:40.381  INFO 11204 --- [restartedMain] w.s.c.ServletWebServerApplicationContext : Root WebApplicationContext: initialization completed in 487 ms
2020-10-15 13:30:40.411  INFO 11204 --- [restartedMain] com.zaxxer.hikari.HikariDataSource       : HikariPool-2 - Starting...
2020-10-15 13:30:40.420  INFO 11204 --- [restartedMain] com.zaxxer.hikari.HikariDataSource       : HikariPool-2 - Start completed.
2020-10-15 13:30:40.421  INFO 11204 --- [restartedMain] o.s.b.a.h2.H2ConsoleAutoConfiguration    : H2 console available at '/h2-console'. Database available at 'jdbc:h2:mem:f3d72bf7-5a83-447b-bccb-36110693e56c'
2020-10-15 13:30:40.465  INFO 11204 --- [restartedMain] o.s.s.concurrent.ThreadPoolTaskExecutor  : Initializing ExecutorService 'applicationTaskExecutor'
2020-10-15 13:30:40.469  INFO 11204 --- [restartedMain] o.s.s.c.ThreadPoolTaskScheduler          : Initializing ExecutorService 'taskScheduler'
2020-10-15 13:30:40.489  INFO 11204 --- [task-1] o.hibernate.jpa.internal.util.LogHelper  : HHH000204: Processing PersistenceUnitInfo [name: default]
2020-10-15 13:30:40.496  INFO 11204 --- [task-1] org.hibernate.dialect.Dialect            : HHH000400: Using dialect: org.hibernate.dialect.H2Dialect
2020-10-15 13:30:40.555  INFO 11204 --- [task-1] o.h.e.t.j.p.i.JtaPlatformInitiator       : HHH000490: Using JtaPlatform implementation: [org.hibernate.engine.transaction.jta.platform.internal.NoJtaPlatform]
2020-10-15 13:30:40.556  INFO 11204 --- [task-1] j.LocalContainerEntityManagerFactoryBean : Initialized JPA EntityManagerFactory for persistence unit 'default'
2020-10-15 13:30:40.568  INFO 11204 --- [task-2] o.s.b.d.a.OptionalLiveReloadServer       : LiveReload server is running on port 35729
2020-10-15 13:30:40.588  WARN 11204 --- [restartedMain] JpaBaseConfiguration$JpaWebConfiguration : spring.jpa.open-in-view is enabled by default. Therefore, database queries may be performed during view rendering. Explicitly configure spring.jpa.open-in-view to disable this warning
2020-10-15 13:30:40.665  INFO 11204 --- [restartedMain] o.s.b.a.e.web.EndpointLinksResolver      : Exposing 14 endpoint(s) beneath base path '/actuator'
2020-10-15 13:30:40.742  INFO 11204 --- [restartedMain] o.s.s.c.ThreadPoolTaskScheduler          : Initializing ExecutorService
2020-10-15 13:30:40.783  INFO 11204 --- [restartedMain] o.s.b.w.embedded.tomcat.TomcatWebServer  : Tomcat started on port(s): 8080 (http) with context path ''
2020-10-15 13:30:40.880  INFO 11204 --- [restartedMain] DeferredRepositoryInitializationListener : Triggering deferred initialization of Spring Data repositories…
2020-10-15 13:30:40.937  INFO 11204 --- [restartedMain] DeferredRepositoryInitializationListener : Spring Data repositories initialized!
2020-10-15 13:30:40.945  INFO 11204 --- [restartedMain] c.p.libraryapi.LibraryApiApplication     : Started LibraryApiApplication in 1.085 seconds (JVM running for 62.371)
2020-10-15 13:30:40.959  INFO 11204 --- [restartedMain] .ConditionEvaluationDeltaLoggingListener : Condition evaluation unchanged
2020-10-15 13:30:40.973  WARN 11204 --- [registrationTask1] d.c.b.a.c.r.ApplicationRegistrator       : Failed to register application as Application(name=spring-boot-application, managementUrl=http://host.docker.internal:8080/actuator, healthUrl=http://host.docker.internal:8080/actuator/health, serviceUrl=http://host.docker.internal:8080/) at spring-boot-admin ([http://localhost:8081/instances]): 404 : [{"timestamp":"2020-10-15T17:30:40.972+00:00","status":404,"error":"Not Found","message":"","path":"/instances"}]. Further attempts are logged on DEBUG level
2020-10-15 13:30:53.635  INFO 11204 --- [http-nio-8080-exec-1] o.a.c.c.C.[Tomcat].[localhost].[/]       : Initializing Spring DispatcherServlet 'dispatcherServlet'
2020-10-15 13:30:53.635  INFO 11204 --- [http-nio-8080-exec-1] o.s.web.servlet.DispatcherServlet        : Initializing Servlet 'dispatcherServlet'
2020-10-15 13:30:53.639  INFO 11204 --- [http-nio-8080-exec-1] o.s.web.servlet.DispatcherServlet        : Completed initialization in 4 ms
2020-10-15 13:35:29.262  INFO 11204 --- [Thread-8] o.s.s.c.ThreadPoolTaskScheduler          : Shutting down ExecutorService
2020-10-15 13:35:29.264  INFO 11204 --- [Thread-8] j.LocalContainerEntityManagerFactoryBean : Closing JPA EntityManagerFactory for persistence unit 'default'
2020-10-15 13:35:29.265  INFO 11204 --- [Thread-8] .SchemaDropperImpl$DelayedDropActionImpl : HHH000477: Starting delayed evictData of schema as part of SessionFactory shut-down'
2020-10-15 13:35:29.267  INFO 11204 --- [Thread-8] o.s.s.c.ThreadPoolTaskScheduler          : Shutting down ExecutorService 'taskScheduler'
2020-10-15 13:35:29.280  INFO 11204 --- [Thread-8] o.s.s.concurrent.ThreadPoolTaskExecutor  : Shutting down ExecutorService 'applicationTaskExecutor'
2020-10-15 13:35:29.488  WARN 11204 --- [Thread-8] o.s.b.f.support.DisposableBeanAdapter    : Invocation of destroy method failed on bean with name 'inMemoryDatabaseShutdownExecutor': org.h2.jdbc.JdbcSQLNonTransientConnectionException: Database is already closed (to disable automatic closing at VM shutdown, add ";DB_CLOSE_ON_EXIT=FALSE" to the db URL) [90121-200]
2020-10-15 13:35:29.489  INFO 11204 --- [Thread-8] com.zaxxer.hikari.HikariDataSource       : HikariPool-2 - Shutdown initiated...
2020-10-15 13:35:29.491  INFO 11204 --- [Thread-8] com.zaxxer.hikari.HikariDataSource       : HikariPool-2 - Shutdown completed.
2020-10-15 13:35:29.559  INFO 11204 --- [restartedMain] c.p.libraryapi.LibraryApiApplication     : Starting LibraryApiApplication on Master with PID 11204 (C:\codes\dev\library-api\library-api\target\classes started by dhieg in C:\codes\dev\library-api\library-api)
2020-10-15 13:35:29.570  INFO 11204 --- [restartedMain] c.p.libraryapi.LibraryApiApplication     : No active profile set, falling back to default profiles: default
2020-10-15 13:35:29.868  INFO 11204 --- [restartedMain] .s.d.r.c.RepositoryConfigurationDelegate : Bootstrapping Spring Data JPA repositories in DEFERRED mode.
2020-10-15 13:35:29.885  INFO 11204 --- [restartedMain] .s.d.r.c.RepositoryConfigurationDelegate : Finished Spring Data repository scanning in 16ms. Found 2 JPA repository interfaces.
2020-10-15 13:35:29.961  INFO 11204 --- [restartedMain] o.s.b.w.embedded.tomcat.TomcatWebServer  : Tomcat initialized with port(s): 8080 (http)
2020-10-15 13:35:29.962  INFO 11204 --- [restartedMain] o.apache.catalina.core.StandardService   : Starting service [Tomcat]
2020-10-15 13:35:29.962  INFO 11204 --- [restartedMain] org.apache.catalina.core.StandardEngine  : Starting Servlet engine: [Apache Tomcat/9.0.37]
2020-10-15 13:35:29.982  INFO 11204 --- [restartedMain] o.a.c.c.C.[Tomcat].[localhost].[/]       : Initializing Spring embedded WebApplicationContext
2020-10-15 13:35:29.983  INFO 11204 --- [restartedMain] w.s.c.ServletWebServerApplicationContext : Root WebApplicationContext: initialization completed in 410 ms
2020-10-15 13:35:30.011  INFO 11204 --- [restartedMain] com.zaxxer.hikari.HikariDataSource       : HikariPool-3 - Starting...
2020-10-15 13:35:30.013  INFO 11204 --- [restartedMain] com.zaxxer.hikari.HikariDataSource       : HikariPool-3 - Start completed.
2020-10-15 13:35:30.014  INFO 11204 --- [restartedMain] o.s.b.a.h2.H2ConsoleAutoConfiguration    : H2 console available at '/h2-console'. Database available at 'jdbc:h2:mem:9b98b462-8226-4bfc-8dee-0b07cd52f2b9'
2020-10-15 13:35:30.052  INFO 11204 --- [restartedMain] o.s.s.concurrent.ThreadPoolTaskExecutor  : Initializing ExecutorService 'applicationTaskExecutor'
2020-10-15 13:35:30.056  INFO 11204 --- [restartedMain] o.s.s.c.ThreadPoolTaskScheduler          : Initializing ExecutorService 'taskScheduler'
2020-10-15 13:35:30.071  INFO 11204 --- [task-1] o.hibernate.jpa.internal.util.LogHelper  : HHH000204: Processing PersistenceUnitInfo [name: default]
2020-10-15 13:35:30.079  INFO 11204 --- [task-1] org.hibernate.dialect.Dialect            : HHH000400: Using dialect: org.hibernate.dialect.H2Dialect
2020-10-15 13:35:30.146  WARN 11204 --- [restartedMain] JpaBaseConfiguration$JpaWebConfiguration : spring.jpa.open-in-view is enabled by default. Therefore, database queries may be performed during view rendering. Explicitly configure spring.jpa.open-in-view to disable this warning
2020-10-15 13:35:30.146  INFO 11204 --- [task-1] o.h.e.t.j.p.i.JtaPlatformInitiator       : HHH000490: Using JtaPlatform implementation: [org.hibernate.engine.transaction.jta.platform.internal.NoJtaPlatform]
2020-10-15 13:35:30.147  INFO 11204 --- [task-1] j.LocalContainerEntityManagerFactoryBean : Initialized JPA EntityManagerFactory for persistence unit 'default'
2020-10-15 13:35:30.200  INFO 11204 --- [restartedMain] o.s.b.a.e.web.EndpointLinksResolver      : Exposing 14 endpoint(s) beneath base path '/actuator'
2020-10-15 13:35:30.207  INFO 11204 --- [task-2] o.s.b.d.a.OptionalLiveReloadServer       : LiveReload server is running on port 35729
2020-10-15 13:35:30.265  INFO 11204 --- [restartedMain] o.s.s.c.ThreadPoolTaskScheduler          : Initializing ExecutorService
2020-10-15 13:35:30.300  INFO 11204 --- [restartedMain] o.s.b.w.embedded.tomcat.TomcatWebServer  : Tomcat started on port(s): 8080 (http) with context path ''
2020-10-15 13:35:30.377  INFO 11204 --- [restartedMain] DeferredRepositoryInitializationListener : Triggering deferred initialization of Spring Data repositories…
2020-10-15 13:35:30.431  INFO 11204 --- [restartedMain] DeferredRepositoryInitializationListener : Spring Data repositories initialized!
2020-10-15 13:35:30.434  INFO 11204 --- [restartedMain] c.p.libraryapi.LibraryApiApplication     : Started LibraryApiApplication in 0.902 seconds (JVM running for 351.86)
2020-10-15 13:35:30.451  INFO 11204 --- [restartedMain] .ConditionEvaluationDeltaLoggingListener : Condition evaluation unchanged
2020-10-15 13:35:30.468  WARN 11204 --- [registrationTask1] d.c.b.a.c.r.ApplicationRegistrator       : Failed to register application as Application(name=spring-boot-application, managementUrl=http://host.docker.internal:8080/actuator, healthUrl=http://host.docker.internal:8080/actuator/health, serviceUrl=http://host.docker.internal:8080/) at spring-boot-admin ([http://localhost:8081/instances]): 404 : [{"timestamp":"2020-10-15T17:35:30.467+00:00","status":404,"error":"Not Found","message":"","path":"/instances"}]. Further attempts are logged on DEBUG level
2020-10-15 13:35:40.850  INFO 11204 --- [http-nio-8080-exec-1] o.a.c.c.C.[Tomcat].[localhost].[/]       : Initializing Spring DispatcherServlet 'dispatcherServlet'
2020-10-15 13:35:40.850  INFO 11204 --- [http-nio-8080-exec-1] o.s.web.servlet.DispatcherServlet        : Initializing Servlet 'dispatcherServlet'
2020-10-15 13:35:40.852  INFO 11204 --- [http-nio-8080-exec-1] o.s.web.servlet.DispatcherServlet        : Completed initialization in 1 ms
2020-10-15 13:35:40.853  INFO 11204 --- [registrationTask1] d.c.b.a.c.r.ApplicationRegistrator       : Application registered itself as 34fecff80a31
2020-10-15 13:35:49.335  INFO 9680 --- [restartedMain] c.p.libraryapi.LibraryApiApplication     : Starting LibraryApiApplication on Master with PID 9680 (C:\codes\dev\library-api\library-api\target\classes started by dhieg in C:\codes\dev\library-api\library-api)
2020-10-15 13:35:49.337  INFO 9680 --- [restartedMain] c.p.libraryapi.LibraryApiApplication     : No active profile set, falling back to default profiles: default
2020-10-15 13:35:49.377  INFO 9680 --- [restartedMain] .e.DevToolsPropertyDefaultsPostProcessor : Devtools property defaults active! Set 'spring.devtools.add-properties' to 'false' to disable
2020-10-15 13:35:49.378  INFO 9680 --- [restartedMain] .e.DevToolsPropertyDefaultsPostProcessor : For additional web related logging consider setting the 'logging.level.web' property to 'DEBUG'
2020-10-15 13:35:50.270  INFO 9680 --- [restartedMain] .s.d.r.c.RepositoryConfigurationDelegate : Bootstrapping Spring Data JPA repositories in DEFERRED mode.
2020-10-15 13:35:50.332  INFO 9680 --- [restartedMain] .s.d.r.c.RepositoryConfigurationDelegate : Finished Spring Data repository scanning in 54ms. Found 2 JPA repository interfaces.
2020-10-15 13:35:51.024  INFO 9680 --- [restartedMain] o.s.b.w.embedded.tomcat.TomcatWebServer  : Tomcat initialized with port(s): 8080 (http)
2020-10-15 13:35:51.034  INFO 9680 --- [restartedMain] o.apache.catalina.core.StandardService   : Starting service [Tomcat]
2020-10-15 13:35:51.038  INFO 9680 --- [restartedMain] org.apache.catalina.core.StandardEngine  : Starting Servlet engine: [Apache Tomcat/9.0.37]
2020-10-15 13:35:51.142  INFO 9680 --- [restartedMain] o.a.c.c.C.[Tomcat].[localhost].[/]       : Initializing Spring embedded WebApplicationContext
2020-10-15 13:35:51.143  INFO 9680 --- [restartedMain] w.s.c.ServletWebServerApplicationContext : Root WebApplicationContext: initialization completed in 1765 ms
2020-10-15 13:35:51.262  INFO 9680 --- [restartedMain] com.zaxxer.hikari.HikariDataSource       : HikariPool-1 - Starting...
2020-10-15 13:35:51.415  INFO 9680 --- [restartedMain] com.zaxxer.hikari.HikariDataSource       : HikariPool-1 - Start completed.
2020-10-15 13:35:51.422  INFO 9680 --- [restartedMain] o.s.b.a.h2.H2ConsoleAutoConfiguration    : H2 console available at '/h2-console'. Database available at 'jdbc:h2:mem:73f76e50-d096-4821-86d4-626926538e84'
2020-10-15 13:35:51.610  INFO 9680 --- [restartedMain] o.s.s.concurrent.ThreadPoolTaskExecutor  : Initializing ExecutorService 'applicationTaskExecutor'
2020-10-15 13:35:51.624  INFO 9680 --- [restartedMain] o.s.s.c.ThreadPoolTaskScheduler          : Initializing ExecutorService 'taskScheduler'
2020-10-15 13:35:51.689  INFO 9680 --- [task-1] o.hibernate.jpa.internal.util.LogHelper  : HHH000204: Processing PersistenceUnitInfo [name: default]
2020-10-15 13:35:51.744  INFO 9680 --- [task-1] org.hibernate.Version                    : HHH000412: Hibernate ORM core version 5.4.20.Final
2020-10-15 13:35:51.877  INFO 9680 --- [task-1] o.hibernate.annotations.common.Version   : HCANN000001: Hibernate Commons Annotations {5.1.0.Final}
2020-10-15 13:35:51.997  WARN 9680 --- [restartedMain] JpaBaseConfiguration$JpaWebConfiguration : spring.jpa.open-in-view is enabled by default. Therefore, database queries may be performed during view rendering. Explicitly configure spring.jpa.open-in-view to disable this warning
2020-10-15 13:35:51.999  INFO 9680 --- [task-1] org.hibernate.dialect.Dialect            : HHH000400: Using dialect: org.hibernate.dialect.H2Dialect
2020-10-15 13:35:52.279  INFO 9680 --- [restartedMain] o.s.b.a.e.web.EndpointLinksResolver      : Exposing 14 endpoint(s) beneath base path '/actuator'
2020-10-15 13:35:52.455  INFO 9680 --- [restartedMain] o.s.b.d.a.OptionalLiveReloadServer       : LiveReload server is running on port 35729
2020-10-15 13:35:52.576  INFO 9680 --- [restartedMain] o.s.s.c.ThreadPoolTaskScheduler          : Initializing ExecutorService
2020-10-15 13:35:52.730  INFO 9680 --- [task-1] o.h.e.t.j.p.i.JtaPlatformInitiator       : HHH000490: Using JtaPlatform implementation: [org.hibernate.engine.transaction.jta.platform.internal.NoJtaPlatform]
2020-10-15 13:35:52.736  INFO 9680 --- [task-1] j.LocalContainerEntityManagerFactoryBean : Initialized JPA EntityManagerFactory for persistence unit 'default'
2020-10-15 13:35:52.847  INFO 9680 --- [restartedMain] o.s.b.w.embedded.tomcat.TomcatWebServer  : Tomcat started on port(s): 8080 (http) with context path ''
2020-10-15 13:35:53.097  INFO 9680 --- [restartedMain] DeferredRepositoryInitializationListener : Triggering deferred initialization of Spring Data repositories…
2020-10-15 13:35:53.426  INFO 9680 --- [restartedMain] DeferredRepositoryInitializationListener : Spring Data repositories initialized!
2020-10-15 13:35:53.443  INFO 9680 --- [restartedMain] c.p.libraryapi.LibraryApiApplication     : Started LibraryApiApplication in 4.41 seconds (JVM running for 4.845)
2020-10-15 13:35:53.588  INFO 9680 --- [registrationTask1] d.c.b.a.c.r.ApplicationRegistrator       : Application registered itself as 34fecff80a31
2020-10-15 13:35:53.610  INFO 9680 --- [http-nio-8080-exec-2] o.a.c.c.C.[Tomcat].[localhost].[/]       : Initializing Spring DispatcherServlet 'dispatcherServlet'
2020-10-15 13:35:53.611  INFO 9680 --- [http-nio-8080-exec-2] o.s.web.servlet.DispatcherServlet        : Initializing Servlet 'dispatcherServlet'
2020-10-15 13:35:53.616  INFO 9680 --- [http-nio-8080-exec-2] o.s.web.servlet.DispatcherServlet        : Completed initialization in 5 ms
2020-10-15 13:47:15.536  WARN 9680 --- [registrationTask1] d.c.b.a.c.r.ApplicationRegistrator       : Failed to register application as Application(name=spring-boot-application, managementUrl=http://host.docker.internal:8080/actuator, healthUrl=http://host.docker.internal:8080/actuator/health, serviceUrl=http://host.docker.internal:8080/) at spring-boot-admin ([http://localhost:8081/instances]): I/O error on POST request for "http://localhost:8081/instances": Connection refused: connect; nested exception is java.net.ConnectException: Connection refused: connect. Further attempts are logged on DEBUG level
2020-10-15 13:51:29.205  INFO 9680 --- [Thread-4] o.s.s.c.ThreadPoolTaskScheduler          : Shutting down ExecutorService
2020-10-15 13:51:29.207  INFO 9680 --- [Thread-4] j.LocalContainerEntityManagerFactoryBean : Closing JPA EntityManagerFactory for persistence unit 'default'
2020-10-15 13:51:29.208  INFO 9680 --- [Thread-4] .SchemaDropperImpl$DelayedDropActionImpl : HHH000477: Starting delayed evictData of schema as part of SessionFactory shut-down'
2020-10-15 13:51:29.214  INFO 9680 --- [Thread-4] o.s.s.c.ThreadPoolTaskScheduler          : Shutting down ExecutorService 'taskScheduler'
2020-10-15 13:51:29.222  INFO 9680 --- [Thread-4] o.s.s.concurrent.ThreadPoolTaskExecutor  : Shutting down ExecutorService 'applicationTaskExecutor'
2020-10-15 13:51:29.437  WARN 9680 --- [Thread-4] o.s.b.f.support.DisposableBeanAdapter    : Invocation of destroy method failed on bean with name 'inMemoryDatabaseShutdownExecutor': org.h2.jdbc.JdbcSQLNonTransientConnectionException: Database is already closed (to disable automatic closing at VM shutdown, add ";DB_CLOSE_ON_EXIT=FALSE" to the db URL) [90121-200]
2020-10-15 13:51:29.437  INFO 9680 --- [Thread-4] com.zaxxer.hikari.HikariDataSource       : HikariPool-1 - Shutdown initiated...
2020-10-15 13:51:29.440  INFO 9680 --- [Thread-4] com.zaxxer.hikari.HikariDataSource       : HikariPool-1 - Shutdown completed.
2020-10-15 13:51:29.544  INFO 9680 --- [restartedMain] c.p.libraryapi.LibraryApiApplication     : Starting LibraryApiApplication on Master with PID 9680 (C:\codes\dev\library-api\library-api\target\classes started by dhieg in C:\codes\dev\library-api\library-api)
2020-10-15 13:51:29.551  INFO 9680 --- [restartedMain] c.p.libraryapi.LibraryApiApplication     : No active profile set, falling back to default profiles: default
2020-10-15 13:51:29.864  INFO 9680 --- [restartedMain] .s.d.r.c.RepositoryConfigurationDelegate : Bootstrapping Spring Data JPA repositories in DEFERRED mode.
2020-10-15 13:51:29.887  INFO 9680 --- [restartedMain] .s.d.r.c.RepositoryConfigurationDelegate : Finished Spring Data repository scanning in 21ms. Found 2 JPA repository interfaces.
2020-10-15 13:51:29.978  INFO 9680 --- [restartedMain] o.s.b.w.embedded.tomcat.TomcatWebServer  : Tomcat initialized with port(s): 8080 (http)
2020-10-15 13:51:29.978  INFO 9680 --- [restartedMain] o.apache.catalina.core.StandardService   : Starting service [Tomcat]
2020-10-15 13:51:29.979  INFO 9680 --- [restartedMain] org.apache.catalina.core.StandardEngine  : Starting Servlet engine: [Apache Tomcat/9.0.37]
2020-10-15 13:51:29.999  INFO 9680 --- [restartedMain] o.a.c.c.C.[Tomcat].[localhost].[/]       : Initializing Spring embedded WebApplicationContext
2020-10-15 13:51:29.999  INFO 9680 --- [restartedMain] w.s.c.ServletWebServerApplicationContext : Root WebApplicationContext: initialization completed in 444 ms
2020-10-15 13:51:30.024  INFO 9680 --- [restartedMain] com.zaxxer.hikari.HikariDataSource       : HikariPool-2 - Starting...
2020-10-15 13:51:30.034  INFO 9680 --- [restartedMain] com.zaxxer.hikari.HikariDataSource       : HikariPool-2 - Start completed.
2020-10-15 13:51:30.034  INFO 9680 --- [restartedMain] o.s.b.a.h2.H2ConsoleAutoConfiguration    : H2 console available at '/h2-console'. Database available at 'jdbc:h2:mem:7f542794-9275-4d74-8dad-b1a1607152ad'
2020-10-15 13:51:30.064  INFO 9680 --- [restartedMain] o.s.s.concurrent.ThreadPoolTaskExecutor  : Initializing ExecutorService 'applicationTaskExecutor'
2020-10-15 13:51:30.074  INFO 9680 --- [restartedMain] o.s.s.c.ThreadPoolTaskScheduler          : Initializing ExecutorService 'taskScheduler'
2020-10-15 13:51:30.081  INFO 9680 --- [task-1] o.hibernate.jpa.internal.util.LogHelper  : HHH000204: Processing PersistenceUnitInfo [name: default]
2020-10-15 13:51:30.097  INFO 9680 --- [task-1] org.hibernate.dialect.Dialect            : HHH000400: Using dialect: org.hibernate.dialect.H2Dialect
2020-10-15 13:51:30.153  INFO 9680 --- [task-1] o.h.e.t.j.p.i.JtaPlatformInitiator       : HHH000490: Using JtaPlatform implementation: [org.hibernate.engine.transaction.jta.platform.internal.NoJtaPlatform]
2020-10-15 13:51:30.154  INFO 9680 --- [task-1] j.LocalContainerEntityManagerFactoryBean : Initialized JPA EntityManagerFactory for persistence unit 'default'
2020-10-15 13:51:30.163  INFO 9680 --- [task-2] o.s.b.d.a.OptionalLiveReloadServer       : LiveReload server is running on port 35729
2020-10-15 13:51:30.191  WARN 9680 --- [restartedMain] JpaBaseConfiguration$JpaWebConfiguration : spring.jpa.open-in-view is enabled by default. Therefore, database queries may be performed during view rendering. Explicitly configure spring.jpa.open-in-view to disable this warning
2020-10-15 13:51:30.262  INFO 9680 --- [restartedMain] o.s.b.a.e.web.EndpointLinksResolver      : Exposing 14 endpoint(s) beneath base path '/actuator'
2020-10-15 13:51:30.333  INFO 9680 --- [restartedMain] o.s.s.c.ThreadPoolTaskScheduler          : Initializing ExecutorService
2020-10-15 13:51:30.377  INFO 9680 --- [restartedMain] o.s.b.w.embedded.tomcat.TomcatWebServer  : Tomcat started on port(s): 8080 (http) with context path ''
2020-10-15 13:51:30.469  INFO 9680 --- [restartedMain] DeferredRepositoryInitializationListener : Triggering deferred initialization of Spring Data repositories…
2020-10-15 13:51:30.528  INFO 9680 --- [restartedMain] DeferredRepositoryInitializationListener : Spring Data repositories initialized!
2020-10-15 13:51:30.533  INFO 9680 --- [restartedMain] c.p.libraryapi.LibraryApiApplication     : Started LibraryApiApplication in 1.02 seconds (JVM running for 941.935)
2020-10-15 13:51:30.544  INFO 9680 --- [restartedMain] .ConditionEvaluationDeltaLoggingListener : Condition evaluation unchanged
2020-10-15 13:51:32.588  WARN 9680 --- [registrationTask1] d.c.b.a.c.r.ApplicationRegistrator       : Failed to register application as Application(name=spring-boot-application, managementUrl=http://host.docker.internal:8080/actuator, healthUrl=http://host.docker.internal:8080/actuator/health, serviceUrl=http://host.docker.internal:8080/) at spring-boot-admin ([http://localhost:8081/instances]): I/O error on POST request for "http://localhost:8081/instances": Connection refused: connect; nested exception is java.net.ConnectException: Connection refused: connect. Further attempts are logged on DEBUG level
2020-10-15 13:52:09.805  INFO 19860 --- [restartedMain] c.p.libraryapi.LibraryApiApplication     : Starting LibraryApiApplication on Master with PID 19860 (C:\codes\dev\library-api\library-api\target\classes started by dhieg in C:\codes\dev\library-api\library-api)
2020-10-15 13:52:09.807  INFO 19860 --- [restartedMain] c.p.libraryapi.LibraryApiApplication     : No active profile set, falling back to default profiles: default
2020-10-15 13:52:09.846  INFO 19860 --- [restartedMain] .e.DevToolsPropertyDefaultsPostProcessor : Devtools property defaults active! Set 'spring.devtools.add-properties' to 'false' to disable
2020-10-15 13:52:09.846  INFO 19860 --- [restartedMain] .e.DevToolsPropertyDefaultsPostProcessor : For additional web related logging consider setting the 'logging.level.web' property to 'DEBUG'
2020-10-15 13:52:10.727  INFO 19860 --- [restartedMain] .s.d.r.c.RepositoryConfigurationDelegate : Bootstrapping Spring Data JPA repositories in DEFERRED mode.
2020-10-15 13:52:10.790  INFO 19860 --- [restartedMain] .s.d.r.c.RepositoryConfigurationDelegate : Finished Spring Data repository scanning in 55ms. Found 2 JPA repository interfaces.
2020-10-15 13:52:11.524  INFO 19860 --- [restartedMain] o.s.b.w.embedded.tomcat.TomcatWebServer  : Tomcat initialized with port(s): 8080 (http)
2020-10-15 13:52:11.534  INFO 19860 --- [restartedMain] o.apache.catalina.core.StandardService   : Starting service [Tomcat]
2020-10-15 13:52:11.537  INFO 19860 --- [restartedMain] org.apache.catalina.core.StandardEngine  : Starting Servlet engine: [Apache Tomcat/9.0.37]
2020-10-15 13:52:11.628  INFO 19860 --- [restartedMain] o.a.c.c.C.[Tomcat].[localhost].[/]       : Initializing Spring embedded WebApplicationContext
2020-10-15 13:52:11.628  INFO 19860 --- [restartedMain] w.s.c.ServletWebServerApplicationContext : Root WebApplicationContext: initialization completed in 1781 ms
2020-10-15 13:52:11.748  INFO 19860 --- [restartedMain] com.zaxxer.hikari.HikariDataSource       : HikariPool-1 - Starting...
2020-10-15 13:52:11.914  INFO 19860 --- [restartedMain] com.zaxxer.hikari.HikariDataSource       : HikariPool-1 - Start completed.
2020-10-15 13:52:11.921  INFO 19860 --- [restartedMain] o.s.b.a.h2.H2ConsoleAutoConfiguration    : H2 console available at '/h2-console'. Database available at 'jdbc:h2:mem:44cab784-341a-4ebd-bf0a-fc8e26d0f557'
2020-10-15 13:52:12.124  INFO 19860 --- [restartedMain] o.s.s.concurrent.ThreadPoolTaskExecutor  : Initializing ExecutorService 'applicationTaskExecutor'
2020-10-15 13:52:12.138  INFO 19860 --- [restartedMain] o.s.s.c.ThreadPoolTaskScheduler          : Initializing ExecutorService 'taskScheduler'
2020-10-15 13:52:12.206  INFO 19860 --- [task-1] o.hibernate.jpa.internal.util.LogHelper  : HHH000204: Processing PersistenceUnitInfo [name: default]
2020-10-15 13:52:12.256  INFO 19860 --- [task-1] org.hibernate.Version                    : HHH000412: Hibernate ORM core version 5.4.20.Final
2020-10-15 13:52:12.395  INFO 19860 --- [task-1] o.hibernate.annotations.common.Version   : HCANN000001: Hibernate Commons Annotations {5.1.0.Final}
2020-10-15 13:52:12.520  INFO 19860 --- [task-1] org.hibernate.dialect.Dialect            : HHH000400: Using dialect: org.hibernate.dialect.H2Dialect
2020-10-15 13:52:12.544  WARN 19860 --- [restartedMain] JpaBaseConfiguration$JpaWebConfiguration : spring.jpa.open-in-view is enabled by default. Therefore, database queries may be performed during view rendering. Explicitly configure spring.jpa.open-in-view to disable this warning
2020-10-15 13:52:12.840  INFO 19860 --- [restartedMain] o.s.b.a.e.web.EndpointLinksResolver      : Exposing 14 endpoint(s) beneath base path '/actuator'
2020-10-15 13:52:13.035  INFO 19860 --- [restartedMain] o.s.b.d.a.OptionalLiveReloadServer       : LiveReload server is running on port 35729
2020-10-15 13:52:13.165  INFO 19860 --- [restartedMain] o.s.s.c.ThreadPoolTaskScheduler          : Initializing ExecutorService
2020-10-15 13:52:13.262  INFO 19860 --- [task-1] o.h.e.t.j.p.i.JtaPlatformInitiator       : HHH000490: Using JtaPlatform implementation: [org.hibernate.engine.transaction.jta.platform.internal.NoJtaPlatform]
2020-10-15 13:52:13.270  INFO 19860 --- [task-1] j.LocalContainerEntityManagerFactoryBean : Initialized JPA EntityManagerFactory for persistence unit 'default'
2020-10-15 13:52:13.389  INFO 19860 --- [restartedMain] o.s.b.w.embedded.tomcat.TomcatWebServer  : Tomcat started on port(s): 8080 (http) with context path ''
2020-10-15 13:52:13.659  INFO 19860 --- [restartedMain] DeferredRepositoryInitializationListener : Triggering deferred initialization of Spring Data repositories…
2020-10-15 13:52:13.991  INFO 19860 --- [restartedMain] DeferredRepositoryInitializationListener : Spring Data repositories initialized!
2020-10-15 13:52:14.008  INFO 19860 --- [restartedMain] c.p.libraryapi.LibraryApiApplication     : Started LibraryApiApplication in 4.517 seconds (JVM running for 4.947)
2020-10-15 13:52:14.177  WARN 19860 --- [registrationTask1] d.c.b.a.c.r.ApplicationRegistrator       : Failed to register application as Application(name=spring-boot-application, managementUrl=http://host.docker.internal:8080/actuator, healthUrl=http://host.docker.internal:8080/actuator/health, serviceUrl=http://host.docker.internal:8080/) at spring-boot-admin ([http://localhost:8081/instances]): 401 : [no body]. Further attempts are logged on DEBUG level
2020-10-15 13:53:34.623  INFO 19860 --- [registrationTask1] d.c.b.a.c.r.ApplicationRegistrator       : Application registered itself as 34fecff80a31
2020-10-15 13:53:34.658  INFO 19860 --- [http-nio-8080-exec-1] o.a.c.c.C.[Tomcat].[localhost].[/]       : Initializing Spring DispatcherServlet 'dispatcherServlet'
2020-10-15 13:53:34.658  INFO 19860 --- [http-nio-8080-exec-1] o.s.web.servlet.DispatcherServlet        : Initializing Servlet 'dispatcherServlet'
2020-10-15 13:53:34.663  INFO 19860 --- [http-nio-8080-exec-1] o.s.web.servlet.DispatcherServlet        : Completed initialization in 5 ms
2020-10-15 14:02:12.235  INFO 20080 --- [restartedMain] c.p.libraryapi.LibraryApiApplication     : Starting LibraryApiApplication on Master with PID 20080 (C:\codes\dev\library-api\library-api\target\classes started by dhieg in C:\codes\dev\library-api\library-api)
2020-10-15 14:02:12.238  INFO 20080 --- [restartedMain] c.p.libraryapi.LibraryApiApplication     : No active profile set, falling back to default profiles: default
2020-10-15 14:02:12.277  INFO 20080 --- [restartedMain] .e.DevToolsPropertyDefaultsPostProcessor : Devtools property defaults active! Set 'spring.devtools.add-properties' to 'false' to disable
2020-10-15 14:02:12.277  INFO 20080 --- [restartedMain] .e.DevToolsPropertyDefaultsPostProcessor : For additional web related logging consider setting the 'logging.level.web' property to 'DEBUG'
2020-10-15 14:02:13.141  INFO 20080 --- [restartedMain] .s.d.r.c.RepositoryConfigurationDelegate : Bootstrapping Spring Data JPA repositories in DEFERRED mode.
2020-10-15 14:02:13.205  INFO 20080 --- [restartedMain] .s.d.r.c.RepositoryConfigurationDelegate : Finished Spring Data repository scanning in 55ms. Found 2 JPA repository interfaces.
2020-10-15 14:02:13.869  INFO 20080 --- [restartedMain] o.s.b.w.embedded.tomcat.TomcatWebServer  : Tomcat initialized with port(s): 8080 (http)
2020-10-15 14:02:13.878  INFO 20080 --- [restartedMain] o.apache.catalina.core.StandardService   : Starting service [Tomcat]
2020-10-15 14:02:13.884  INFO 20080 --- [restartedMain] org.apache.catalina.core.StandardEngine  : Starting Servlet engine: [Apache Tomcat/9.0.37]
2020-10-15 14:02:13.968  INFO 20080 --- [restartedMain] o.a.c.c.C.[Tomcat].[localhost].[/]       : Initializing Spring embedded WebApplicationContext
2020-10-15 14:02:13.969  INFO 20080 --- [restartedMain] w.s.c.ServletWebServerApplicationContext : Root WebApplicationContext: initialization completed in 1691 ms
2020-10-15 14:02:14.083  INFO 20080 --- [restartedMain] com.zaxxer.hikari.HikariDataSource       : HikariPool-1 - Starting...
2020-10-15 14:02:14.240  INFO 20080 --- [restartedMain] com.zaxxer.hikari.HikariDataSource       : HikariPool-1 - Start completed.
2020-10-15 14:02:14.248  INFO 20080 --- [restartedMain] o.s.b.a.h2.H2ConsoleAutoConfiguration    : H2 console available at '/h2-console'. Database available at 'jdbc:h2:mem:55bfa175-9241-4d3c-868b-a2cdb4e0260c'
2020-10-15 14:02:14.428  INFO 20080 --- [restartedMain] o.s.s.concurrent.ThreadPoolTaskExecutor  : Initializing ExecutorService 'applicationTaskExecutor'
2020-10-15 14:02:14.440  INFO 20080 --- [restartedMain] o.s.s.c.ThreadPoolTaskScheduler          : Initializing ExecutorService 'taskScheduler'
2020-10-15 14:02:14.501  INFO 20080 --- [task-1] o.hibernate.jpa.internal.util.LogHelper  : HHH000204: Processing PersistenceUnitInfo [name: default]
2020-10-15 14:02:14.550  INFO 20080 --- [task-1] org.hibernate.Version                    : HHH000412: Hibernate ORM core version 5.4.20.Final
2020-10-15 14:02:14.683  INFO 20080 --- [task-1] o.hibernate.annotations.common.Version   : HCANN000001: Hibernate Commons Annotations {5.1.0.Final}
2020-10-15 14:02:14.811  WARN 20080 --- [restartedMain] JpaBaseConfiguration$JpaWebConfiguration : spring.jpa.open-in-view is enabled by default. Therefore, database queries may be performed during view rendering. Explicitly configure spring.jpa.open-in-view to disable this warning
2020-10-15 14:02:14.815  INFO 20080 --- [task-1] org.hibernate.dialect.Dialect            : HHH000400: Using dialect: org.hibernate.dialect.H2Dialect
2020-10-15 14:02:15.089  INFO 20080 --- [restartedMain] o.s.b.a.e.web.EndpointLinksResolver      : Exposing 14 endpoint(s) beneath base path '/actuator'
2020-10-15 14:02:15.276  INFO 20080 --- [restartedMain] o.s.b.d.a.OptionalLiveReloadServer       : LiveReload server is running on port 35729
2020-10-15 14:02:15.418  INFO 20080 --- [restartedMain] o.s.s.c.ThreadPoolTaskScheduler          : Initializing ExecutorService
2020-10-15 14:02:15.568  INFO 20080 --- [task-1] o.h.e.t.j.p.i.JtaPlatformInitiator       : HHH000490: Using JtaPlatform implementation: [org.hibernate.engine.transaction.jta.platform.internal.NoJtaPlatform]
2020-10-15 14:02:15.575  INFO 20080 --- [task-1] j.LocalContainerEntityManagerFactoryBean : Initialized JPA EntityManagerFactory for persistence unit 'default'
2020-10-15 14:02:15.712  INFO 20080 --- [restartedMain] o.s.b.w.embedded.tomcat.TomcatWebServer  : Tomcat started on port(s): 8080 (http) with context path ''
2020-10-15 14:02:16.022  INFO 20080 --- [restartedMain] DeferredRepositoryInitializationListener : Triggering deferred initialization of Spring Data repositories…
2020-10-15 14:02:16.367  INFO 20080 --- [restartedMain] DeferredRepositoryInitializationListener : Spring Data repositories initialized!
2020-10-15 14:02:16.381  INFO 20080 --- [restartedMain] c.p.libraryapi.LibraryApiApplication     : Started LibraryApiApplication in 4.445 seconds (JVM running for 4.862)
2020-10-15 14:02:17.093  INFO 20080 --- [registrationTask1] d.c.b.a.c.r.ApplicationRegistrator       : Application registered itself as 34fecff80a31
2020-10-15 14:02:17.122  INFO 20080 --- [http-nio-8080-exec-1] o.a.c.c.C.[Tomcat].[localhost].[/]       : Initializing Spring DispatcherServlet 'dispatcherServlet'
2020-10-15 14:02:17.122  INFO 20080 --- [http-nio-8080-exec-1] o.s.web.servlet.DispatcherServlet        : Initializing Servlet 'dispatcherServlet'
2020-10-15 14:02:17.127  INFO 20080 --- [http-nio-8080-exec-1] o.s.web.servlet.DispatcherServlet        : Completed initialization in 4 ms
